<?xml version="1.0" encoding="UTF-8"?>
<testng-results ignored="0" total="1" passed="1" failed="0" skipped="0">
  <reporter-output>
  </reporter-output>
  <suite started-at="2020-04-25T16:53:12 PDT" name="Default suite" finished-at="2020-04-25T16:53:14 PDT" duration-ms="2260">
    <groups>
    </groups>
    <test started-at="2020-04-25T16:53:12 PDT" name="Default test" finished-at="2020-04-25T16:53:14 PDT" duration-ms="2260">
      <class name="files.StaticJson">
        <test-method signature="addBook()[pri:0, instance:files.StaticJson@3e2e18f2]" started-at="2020-04-25T16:53:12 PDT" name="addBook" finished-at="2020-04-25T16:53:14 PDT" duration-ms="2234" status="PASS">
          <reporter-output>
          </reporter-output>
        </test-method> <!-- addBook -->
      </class> <!-- files.StaticJson -->
    </test> <!-- Default test -->
  </suite> <!-- Default suite -->
</testng-results>
